2022-05-22 03:08 >> sql0001：[Success]
2022-05-22 03:08 >> sql0001：[Success]
2022-05-22 03:08 >> sql0001：[Success]
2022-05-22 03:08 >> sql0401：[Success]
2022-05-22 03:08 >> sql0401：[Success]
2022-05-22 03:08 >> sql0001：[Success]
2022-05-22 03:08 >> sql0401：[Success]
2022-05-22 03:08 >> sql0401：[Success]
2022-05-22 03:08 >> sql0001：[Success]
2022-05-22 03:08 >> sql0001：[Success]
2022-05-22 03:08 >> sql0401：[Success]
2022-05-22 03:08 >> sql0401：[Success]
2022-05-22 03:11 >> sql0001：[Success]
2022-05-22 03:11 >> sql0001：[Success]
2022-05-22 03:11 >> sql0001：[Success]
2022-05-22 03:11 >> sql0001：[Success]
2022-05-22 03:11 >> sql0401：[Success]
2022-05-22 03:12 >> sql0401：[Success]
2022-05-22 03:12 >> sql0001：[Success]
2022-05-22 03:12 >> sql0001：[Success]
2022-05-22 03:12 >> sql0401：[Success]
2022-05-22 03:12 >> sql0401：[Success]
2022-05-22 03:12 >> sql0401：[Success]
2022-05-22 03:12 >> sql0401：[Success]
2022-05-22 03:12 >> sql0001：[Success]
2022-05-22 03:12 >> sql0001：[Success]
2022-05-22 03:12 >> sql0401：[Success]
2022-05-22 03:12 >> sql0401：[Success]
2022-05-22 10:40 >> sql0001：[Success]
2022-05-22 10:40 >> sql0001：[Success]
2022-05-22 10:40 >> sql0001：[Success]
2022-05-22 10:40 >> sql0001：[Success]
2022-05-22 10:40 >> sql0001：[Success]
2022-05-22 10:42 >> sql0001：[Success]
2022-05-22 10:42 >> sql0001：[Success]
2022-05-22 10:42 >> sql0001：[Success]
2022-05-22 10:42 >> sql0001：[Success]
2022-05-22 10:42 >> sql0401：[Success]
2022-05-22 10:42 >> sql0401：[Success]
2022-05-22 10:42 >> sql0001：[Success]
2022-05-22 10:42 >> sql0001：[Success]
2022-05-22 10:42 >> sql0001：[Success]
2022-05-22 10:42 >> sql0001：[Success]
2022-05-22 10:43 >> sql0001：[Success]
2022-05-22 10:43 >> sql0401：[Success]
2022-05-22 10:43 >> sql0401：[Success]
2022-05-22 10:43 >> sql0001：[Success]
2022-05-22 10:43 >> sql0401：[Success]
2022-05-22 10:43 >> sql0401：[Success]
2022-05-22 10:44 >> sql0001：[Success]
2022-05-22 10:44 >> sql0001：[Success]
2022-05-22 10:44 >> sql0001：[Success]
2022-05-22 10:44 >> sql0001：[Success]
2022-05-22 10:44 >> sql0001：[Success]
2022-05-22 10:44 >> sql0001：[Success]
2022-05-22 10:44 >> sql0101：[Success]
2022-05-22 10:44 >> sql0006：[Success]
2022-05-22 10:44 >> sql0201：[Success]
2022-05-22 10:44 >> sql0106：[Success]
2022-05-22 10:44 >> sql0401：[Success]
2022-05-22 10:44 >> sql0401：[Success]
2022-05-22 10:44 >> sql0106：[Success]
2022-05-22 10:44 >> sql0306：[Success]
2022-05-22 10:44 >> sql0306：[Success]
2022-05-22 10:44 >> sql0306：[Success]
2022-05-22 10:44 >> sql9002：[Success]
2022-05-22 10:44 >> sql0306：[Success]
2022-05-22 10:44 >> sql0405：[Success]
2022-05-22 10:44 >> sql0306：[Success]
2022-05-22 10:44 >> sql0403：[Success]
2022-05-22 10:44 >> sql0401：[Success]
2022-05-22 10:44 >> sql0401：[Success]
2022-05-22 10:44 >> sql0106：[Success]
2022-05-22 10:44 >> sql0306：[Success]
2022-05-22 10:44 >> sql9002：[Success]
2022-05-22 10:44 >> sql0306：[Success]
2022-05-22 10:45 >> sql0001：[Success]
2022-05-22 10:45 >> sql0001：[Success]
2022-05-22 10:45 >> sql0001：[Success]
2022-05-22 10:47 >> sql0001：[Success]
2022-05-22 10:47 >> sql0001：[Success]
2022-05-22 10:47 >> sql0001：[Success]
2022-05-22 10:47 >> sql0001：[Success]
2022-05-22 10:47 >> sql0001：[Success]
2022-05-22 10:47 >> sql0001：[Success]
2022-05-22 10:48 >> sql0001：[Success]
2022-05-22 10:48 >> sql0001：[Success]
2022-05-22 10:48 >> sql0001：[Success]
2022-05-22 10:48 >> sql0001：[Success]
2022-05-22 10:48 >> sql0001：[Success]
2022-05-22 10:48 >> sql0001：[Success]
2022-05-22 10:48 >> sql0001：[Success]
2022-05-22 10:48 >> sql0001：[Success]
2022-05-22 10:48 >> sql0001：[Success]
2022-05-22 10:48 >> sql0001：[Success]
2022-05-22 10:48 >> sql0001：[Success]
2022-05-22 10:48 >> sql0001：[Success]
2022-05-22 10:49 >> sql0001：[Success]
2022-05-22 10:50 >> sql0001：[Success]
2022-05-22 10:50 >> sql0001：[Success]
2022-05-22 10:50 >> sql0001：[Success]
2022-05-22 10:50 >> sql0001：[Success]
2022-05-22 10:50 >> sql0001：[Success]
2022-05-22 10:50 >> sql0001：[Success]
2022-05-22 10:50 >> sql0001：[Success]
2022-05-22 10:50 >> sql0001：[Success]
2022-05-22 10:50 >> sql0001：[Success]
2022-05-22 10:50 >> sql0001：[Success]
2022-05-22 10:50 >> sql0001：[Success]
2022-05-22 10:50 >> sql0001：[Success]
2022-05-22 10:50 >> sql0001：[Success]
2022-05-22 10:50 >> sql0001：[Success]
2022-05-22 10:58 >> sql0001：SQL logic error
no such table: T_GENRE[Success]
2022-05-22 11:15 >> sql0001：[Success]
2022-05-22 11:15 >> sql0001：[Success]
2022-05-22 11:15 >> sql0001：[Success]
2022-05-22 11:16 >> sql0001：[Success]
2022-05-22 11:16 >> sql0001：[Success]
2022-05-22 11:16 >> sql0001：[Success]
2022-05-22 11:16 >> sql0001：[Success]
2022-05-22 11:16 >> sql0001：[Success]
2022-05-22 11:16 >> sql0001：[Success]
2022-05-22 11:18 >> sql0001：[Success]
2022-05-22 11:18 >> sql0001：[Success]
2022-05-22 11:18 >> sql0001：[Success]
2022-05-22 11:19 >> sql0001：[Success]
2022-05-22 11:19 >> sql0001：[Success]
2022-05-22 11:19 >> sql0001：[Success]
2022-05-22 11:19 >> sql0001：[Success]
2022-05-22 11:19 >> sql0001：[Success]
2022-05-22 11:19 >> sql0001：[Success]
2022-05-22 11:21 >> sql0001：[Success]
2022-05-22 11:21 >> sql0001：[Success]
2022-05-22 11:21 >> sql0001：[Success]
2022-05-22 11:22 >> sql0001：[Success]
2022-05-22 11:22 >> sql0001：[Success]
2022-05-22 11:22 >> sql0001：[Success]
2022-05-22 11:22 >> sql0001：[Success]
2022-05-22 11:22 >> sql0001：[Success]
2022-05-22 11:22 >> sql0001：[Success]
2022-05-22 11:25 >> sql0001：[Success]
2022-05-22 11:25 >> sql0001：[Success]
2022-05-22 11:25 >> sql0001：[Success]
2022-05-22 11:25 >> sql0001：[Success]
2022-05-22 11:25 >> sql0001：[Success]
2022-05-22 11:25 >> sql0001：[Success]
2022-05-22 11:25 >> sql0001：[Success]
2022-05-22 11:27 >> sql0001：[Success]
2022-05-22 11:27 >> sql0001：[Success]
2022-05-22 11:27 >> sql0001：[Success]
2022-05-22 13:59 >> sql0001：[Success]
2022-05-22 13:59 >> sql0001：[Success]
2022-05-22 13:59 >> sql0001：[Success]
2022-05-22 13:59 >> sql0001：[Success]
2022-05-22 13:59 >> sql0001：[Success]
2022-05-22 13:59 >> sql0001：[Success]
2022-05-22 13:59 >> sql0001：[Success]
2022-05-22 13:59 >> sql0401：[Success]
2022-05-22 13:59 >> sql0401：[Success]
2022-05-22 13:59 >> sql0001：[Success]
2022-05-22 13:59 >> sql0001：[Success]
2022-05-22 13:59 >> sql0001：[Success]
2022-05-22 13:59 >> sql0001：[Success]
2022-05-22 14:00 >> sql0001：[Success]
2022-05-22 14:00 >> sql0001：[Success]
2022-05-22 14:00 >> sql0001：[Success]
2022-05-22 14:00 >> sql0101：[Success]
2022-05-22 14:00 >> sql0006：[Success]
2022-05-22 14:00 >> sql0001：[Success]
2022-05-22 14:01 >> sql0001：[Success]
2022-05-22 14:01 >> sql0001：[Success]
2022-05-22 14:01 >> sql0001：[Success]
2022-05-22 14:02 >> sql0001：[Success]
2022-05-22 14:02 >> sql0001：[Success]
2022-05-22 14:02 >> sql0101：[Success]
2022-05-22 14:02 >> sql0006：[Success]
2022-05-22 14:02 >> sql0001：[Success]
2022-05-22 14:02 >> sql0201：[Success]
2022-05-22 14:02 >> sql0106：[Success]
2022-05-22 14:02 >> sql0301：[Success]
2022-05-22 14:02 >> sql0106：[Success]
2022-05-22 14:02 >> sql0206：[Success]
2022-05-22 14:02 >> sql0206：[Success]
2022-05-22 14:02 >> sql0206：[Success]
2022-05-22 14:02 >> sql9001：[Success]
2022-05-22 14:02 >> sql0206：[Success]
2022-05-22 14:02 >> sql0201：[Success]
2022-05-22 14:02 >> sql0106：[Success]
2022-05-22 14:02 >> sql0101：[Success]
2022-05-22 14:02 >> sql0006：[Success]
2022-05-22 14:02 >> sql0001：[Success]
2022-05-22 14:02 >> sql0401：[Success]
2022-05-22 14:02 >> sql0401：[Success]
2022-05-22 14:02 >> sql0106：[Success]
2022-05-22 14:02 >> sql0306：[Success]
2022-05-22 14:02 >> sql0306：[Success]
2022-05-22 14:02 >> sql0306：[Success]
2022-05-22 14:02 >> sql9002：[Success]
2022-05-22 14:02 >> sql0306：[Success]
2022-05-22 14:02 >> sql0401：[Success]
2022-05-22 14:02 >> sql0401：[Success]
2022-05-22 14:02 >> sql0106：[Success]
2022-05-22 14:02 >> sql0306：[Success]
2022-05-22 14:02 >> sql9002：[Success]
2022-05-22 14:02 >> sql0306：[Success]
2022-05-22 14:04 >> sql0001：[Success]
2022-05-22 14:04 >> sql0001：[Success]
2022-05-22 14:04 >> sql0001：[Success]
2022-05-22 14:05 >> sql0001：[Success]
2022-05-22 14:05 >> sql0001：[Success]
2022-05-22 14:05 >> sql0001：[Success]
2022-05-22 14:06 >> sql0001：[Success]
2022-05-22 14:07 >> sql0001：[Success]
2022-05-22 14:07 >> sql0001：[Success]
2022-05-22 14:07 >> sql0001：[Success]
2022-05-22 14:07 >> sql0401：[Success]
2022-05-22 14:07 >> sql0401：[Success]
2022-05-22 14:07 >> sql0001：[Success]
2022-05-22 14:07 >> sql0401：[Success]
2022-05-22 14:07 >> sql0401：[Success]
2022-05-22 14:07 >> sql0001：[Success]
2022-05-22 14:07 >> sql0101：[Success]
2022-05-22 14:07 >> sql0006：[Success]
2022-05-22 14:07 >> sql0201：[Success]
2022-05-22 14:07 >> sql0106：[Success]
2022-05-22 14:07 >> sql0301：[Success]
2022-05-22 14:07 >> sql0106：[Success]
2022-05-22 14:07 >> sql0206：[Success]
2022-05-22 14:07 >> sql0206：[Success]
2022-05-22 14:07 >> sql0206：[Success]
2022-05-22 14:07 >> sql9001：[Success]
2022-05-22 14:07 >> sql0206：[Success]
2022-05-22 14:07 >> sql0101：[Success]
2022-05-22 14:07 >> sql0006：[Success]
2022-05-22 14:07 >> sql0001：[Success]
2022-05-22 14:07 >> sql0201：[Success]
2022-05-22 14:07 >> sql0106：[Success]
2022-05-22 14:07 >> sql0301：[Success]
2022-05-22 14:07 >> sql0106：[Success]
2022-05-22 14:07 >> sql0206：[Success]
2022-05-22 14:07 >> sql9001：[Success]
2022-05-22 14:07 >> sql0206：[Success]
2022-05-22 14:07 >> sql0101：[Success]
2022-05-22 14:07 >> sql0006：[Success]
2022-05-22 14:07 >> sql0101：[Success]
2022-05-22 14:07 >> sql0006：[Success]
2022-05-22 14:13 >> sql0001：[Success]
2022-05-22 14:13 >> sql0001：[Success]
2022-05-22 14:13 >> sql0001：[Success]
2022-05-22 14:15 >> sql0001：[Success]
2022-05-22 14:15 >> sql0001：[Success]
2022-05-22 14:15 >> sql0001：[Success]
2022-05-22 14:15 >> sql0001：[Success]
2022-05-22 14:15 >> sql0001：[Success]
2022-05-22 14:15 >> sql0001：[Success]
2022-05-22 14:15 >> sql0001：[Success]
2022-05-22 14:15 >> sql0001：[Success]
2022-05-22 14:15 >> sql0001：[Success]
2022-05-22 14:15 >> sql0001：[Success]
2022-05-22 14:15 >> sql0001：[Success]
2022-05-22 14:15 >> sql0001：[Success]
2022-05-22 14:15 >> sql0001：[Success]
2022-05-22 14:15 >> sql0001：[Success]
2022-05-22 14:15 >> sql0001：[Success]
2022-05-22 14:15 >> sql0001：[Success]
2022-05-22 14:15 >> sql0001：[Success]
2022-05-22 14:15 >> sql0001：[Success]
2022-05-22 14:17 >> sql0001：[Success]
2022-05-22 14:17 >> sql0001：[Success]
2022-05-22 14:17 >> sql0001：[Success]
2022-05-22 14:29 >> sql0001：[Success]
2022-05-22 14:29 >> sql0001：[Success]
2022-05-22 14:29 >> sql0001：[Success]
2022-05-22 14:29 >> sql0001：[Success]
2022-05-22 14:29 >> sql0001：[Success]
2022-05-22 14:29 >> sql0001：[Success]
2022-05-22 14:30 >> sql0001：[Success]
2022-05-22 14:30 >> sql0001：[Success]
2022-05-22 14:30 >> sql0001：[Success]
2022-05-22 14:30 >> sql0001：[Success]
2022-05-22 14:30 >> sql0001：[Success]
2022-05-22 14:30 >> sql0001：[Success]
2022-05-22 14:30 >> sql0001：[Success]
2022-05-22 14:30 >> sql0001：[Success]
2022-05-22 14:30 >> sql0001：[Success]
2022-05-22 14:31 >> sql0001：[Success]
2022-05-22 14:31 >> sql0001：[Success]
2022-05-22 14:31 >> sql0001：[Success]
2022-05-22 14:32 >> sql0001：[Success]
2022-05-22 14:32 >> sql0001：[Success]
2022-05-22 14:32 >> sql0001：[Success]
2022-05-22 14:32 >> sql0001：[Success]
2022-05-22 14:32 >> sql0001：[Success]
2022-05-22 14:32 >> sql0001：[Success]
2022-05-22 14:33 >> sql0001：[Success]
2022-05-22 14:33 >> sql0001：[Success]
2022-05-22 14:33 >> sql0001：[Success]
2022-05-22 14:33 >> sql0001：[Success]
2022-05-22 14:33 >> sql0001：[Success]
2022-05-22 14:33 >> sql0001：[Success]
2022-05-22 14:33 >> sql0001：[Success]
2022-05-22 14:33 >> sql0001：[Success]
2022-05-22 14:33 >> sql0001：[Success]
2022-05-22 14:34 >> sql0001：[Success]
2022-05-22 14:34 >> sql0001：[Success]
2022-05-22 14:34 >> sql0001：[Success]
2022-05-22 14:35 >> sql0001：[Success]
2022-05-22 14:35 >> sql0001：[Success]
2022-05-22 14:35 >> sql0001：[Success]
2022-05-22 14:36 >> sql0001：[Success]
2022-05-22 14:36 >> sql0001：[Success]
2022-05-22 14:36 >> sql0001：[Success]
2022-05-22 14:36 >> sql0001：[Success]
2022-05-22 14:36 >> sql0001：[Success]
2022-05-22 14:36 >> sql0001：[Success]
2022-05-22 14:37 >> sql0005：[Success]
2022-05-22 14:37 >> sql0003：[Success]
2022-05-22 14:37 >> sql0001：[Success]
2022-05-22 14:37 >> sql0001：[Success]
2022-05-22 14:37 >> sql0001：[Success]
2022-05-22 14:37 >> sql0001：[Success]
2022-05-22 14:37 >> sql0005：[Success]
2022-05-22 14:37 >> sql0003：[Success]
2022-05-22 14:37 >> sql0001：[Success]
2022-05-22 14:37 >> sql0001：[Success]
2022-05-22 14:37 >> sql0001：[Success]
2022-05-22 14:37 >> sql0001：[Success]
2022-05-22 14:37 >> sql0001：[Success]
2022-05-22 14:37 >> sql0001：[Success]
2022-05-22 14:37 >> sql0001：[Success]
2022-05-22 14:38 >> sql0001：[Success]
2022-05-22 14:38 >> sql0001：[Success]
2022-05-22 14:38 >> sql0001：[Success]
2022-05-22 14:38 >> sql0001：[Success]
2022-05-22 14:38 >> sql0001：[Success]
2022-05-22 14:38 >> sql0001：[Success]
2022-05-22 14:38 >> sql0005：[Success]
2022-05-22 14:38 >> sql0003：[Success]
2022-05-22 14:38 >> sql0001：[Success]
2022-05-22 14:38 >> sql0001：[Success]
2022-05-22 14:38 >> sql0001：[Success]
2022-05-22 14:38 >> sql0001：[Success]
2022-05-22 14:42 >> sql0001：[Success]
2022-05-22 14:42 >> sql0001：[Success]
2022-05-22 14:42 >> sql0001：[Success]
2022-05-22 14:44 >> sql0001：[Success]
2022-05-22 14:44 >> sql0001：[Success]
2022-05-22 14:44 >> sql0001：[Success]
2022-05-22 14:44 >> sql0401：[Success]
2022-05-22 14:44 >> sql0401：[Success]
2022-05-22 14:44 >> sql0001：[Success]
2022-05-22 14:44 >> sql0001：[Success]
2022-05-22 14:44 >> sql0401：[Success]
2022-05-22 14:44 >> sql0401：[Success]
2022-05-22 14:44 >> sql0001：[Success]
2022-05-22 14:44 >> sql0001：[Success]
2022-05-22 14:44 >> sql0401：[Success]
2022-05-22 14:44 >> sql0401：[Success]
2022-05-22 14:44 >> sql0001：[Success]
2022-05-22 14:45 >> sql0001：[Success]
2022-05-22 14:45 >> sql0001：[Success]
2022-05-22 14:45 >> sql0001：[Success]
2022-05-22 14:45 >> sql0001：[Success]
2022-05-22 14:59 >> sql0001：[Success]
2022-05-22 14:59 >> sql0001：[Success]
2022-05-22 14:59 >> sql0001：[Success]
2022-05-22 14:59 >> sql0001：[Success]
2022-05-22 14:59 >> sql0001：[Success]
2022-05-22 14:59 >> sql0001：[Success]
2022-05-22 15:05 >> sql0001：[Success]
2022-05-22 15:06 >> sql0001：[Success]
2022-05-22 15:06 >> sql0001：[Success]
2022-05-22 15:10 >> sql0001：[Success]
2022-05-22 15:10 >> sql0001：[Success]
2022-05-22 15:10 >> sql0001：[Success]
2022-05-22 15:11 >> sql0001：[Success]
2022-05-22 15:11 >> sql0001：[Success]
2022-05-22 15:11 >> sql0001：[Success]
2022-05-22 15:13 >> sql0001：[Success]
2022-05-22 15:13 >> sql0001：[Success]
2022-05-22 15:13 >> sql0001：[Success]
2022-05-22 15:13 >> sql0101：[Success]
2022-05-22 15:13 >> sql0006：[Success]
2022-05-22 15:13 >> sql0001：[Success]
2022-05-22 15:13 >> sql0101：[Success]
2022-05-22 15:13 >> sql0006：[Success]
2022-05-22 15:13 >> sql0201：[Success]
2022-05-22 15:13 >> sql0106：[Success]
2022-05-22 15:13 >> sql0301：[Success]
2022-05-22 15:13 >> sql0106：[Success]
2022-05-22 15:13 >> sql0206：[Success]
2022-05-22 15:13 >> sql0206：[Success]
2022-05-22 15:13 >> sql0206：[Success]
2022-05-22 15:13 >> sql9001：[Success]
2022-05-22 15:13 >> sql0206：[Success]
2022-05-22 15:21 >> sql0001：[Success]
2022-05-22 15:21 >> sql0001：[Success]
2022-05-22 15:21 >> sql0001：[Success]
2022-05-22 15:21 >> sql0001：[Success]
2022-05-22 15:21 >> sql0001：[Success]
2022-05-22 15:21 >> sql0001：[Success]
2022-05-22 15:22 >> sql0001：[Success]
2022-05-22 15:22 >> sql0001：[Success]
2022-05-22 15:22 >> sql0001：[Success]
2022-05-22 15:25 >> sql0001：[Success]
2022-05-22 15:25 >> sql0001：[Success]
2022-05-22 15:25 >> sql0001：[Success]
2022-05-22 15:30 >> sql0001：[Success]
2022-05-22 15:30 >> sql0001：[Success]
2022-05-22 15:30 >> sql0001：[Success]
2022-05-22 15:36 >> SQL0001：SQL logic error
near "keyName": syntax error[Success]
2022-05-22 15:37 >> SQL0001：SQL logic error
near "keyName": syntax error[Success]
2022-05-22 15:37 >> SQL0001：SQL logic error
near "keyName": syntax error[Success]
2022-05-22 15:39 >> SQL0001：SQL logic error
near "keyName": syntax error[Success]
2022-05-22 15:39 >> SQL0001：SQL logic error
near "keyName": syntax error[Success]
2022-05-22 15:40 >> SQL0001：SQL logic error
near "keyName": syntax error[Success]
2022-05-22 15:40 >> SQL0001：SQL logic error
near "keyName": syntax error[Success]
2022-05-22 15:41 >> SQL0001：[Success]
2022-05-22 15:41 >> SQL0001：[Success]
2022-05-22 15:41 >> SQL0001：[Success]
2022-05-22 15:41 >> SQL0401：[Success]
2022-05-22 15:41 >> SQL0401：[Success]
2022-05-22 15:41 >> SQL0001：[Success]
2022-05-22 15:43 >> SQL0001：[Success]
2022-05-22 15:43 >> SQL0001：[Success]
2022-05-22 15:43 >> SQL0001：[Success]
2022-05-22 15:43 >> SQL0101：[Success]
2022-05-22 15:43 >> SQL0006：[Success]
2022-05-22 15:43 >> SQL0201：[Success]
2022-05-22 15:43 >> SQL0106：[Success]
2022-05-22 15:43 >> SQL0301：[Success]
2022-05-22 15:43 >> SQL0106：[Success]
2022-05-22 15:43 >> SQL0206：[Success]
2022-05-22 15:43 >> SQL0206：[Success]
2022-05-22 15:43 >> SQL0206：[Success]
2022-05-22 15:43 >> SQL9001：[Success]
2022-05-22 15:43 >> SQL0206：[Success]
2022-05-22 15:45 >> SQL0001：[Success]
2022-05-22 15:45 >> SQL0001：[Success]
2022-05-22 15:45 >> SQL0001：[Success]
2022-05-22 15:45 >> SQL0001：[Success]
2022-05-22 15:45 >> SQL0001：[Success]
2022-05-22 15:45 >> SQL0401：[Success]
2022-05-22 15:45 >> SQL0401：[Success]
2022-05-22 15:45 >> SQL0001：[Success]
2022-05-22 15:46 >> SQL0001：[Success]
2022-05-22 15:46 >> SQL0001：[Success]
2022-05-22 15:46 >> SQL0001：[Success]
2022-05-22 15:49 >> SQL0001：[Success]
2022-05-22 15:49 >> SQL0001：[Success]
2022-05-22 15:49 >> SQL0001：[Success]
2022-05-22 15:51 >> SQL0001：[Success]
2022-05-22 15:51 >> SQL0001：[Success]
2022-05-22 15:51 >> SQL0001：[Success]
2022-05-22 15:51 >> SQL0401：[Success]
2022-05-22 15:51 >> SQL0401：[Success]
2022-05-22 15:54 >> SQL0001：[Success]
2022-05-22 15:54 >> SQL0001：[Success]
2022-05-22 15:54 >> SQL0001：[Success]
2022-05-22 15:55 >> SQL0001：[Success]
2022-05-22 15:55 >> SQL0001：[Success]
2022-05-22 15:55 >> SQL0001：[Success]
2022-05-22 15:56 >> SQL0001：[Success]
2022-05-22 15:56 >> SQL0001：[Success]
2022-05-22 15:56 >> SQL0001：[Success]
2022-05-22 15:57 >> SQL0001：[Success]
2022-05-22 15:57 >> SQL0001：[Success]
2022-05-22 15:57 >> SQL0001：[Success]
2022-05-22 16:03 >> SQL0001：[Success]
2022-05-22 16:03 >> SQL0001：[Success]
2022-05-22 16:03 >> SQL0001：[Success]
2022-05-22 16:06 >> SQL0001：[Success]
2022-05-22 16:06 >> SQL0001：[Success]
2022-05-22 16:06 >> SQL0001：[Success]
2022-05-22 16:12 >> SQL0001：[Success]
2022-05-22 16:12 >> SQL0001：[Success]
2022-05-22 16:12 >> SQL0001：[Success]
2022-05-22 16:15 >> SQL0001：[Success]
2022-05-22 16:15 >> SQL0001：[Success]
2022-05-22 16:15 >> SQL0001：[Success]
2022-05-22 16:15 >> SQL0001：[Success]
2022-05-22 16:15 >> SQL0001：[Success]
2022-05-22 16:15 >> SQL0001：[Success]
2022-05-22 16:15 >> SQL0401：[Success]
2022-05-22 16:15 >> SQL0401：[Success]
2022-05-22 16:15 >> SQL0106：[Success]
2022-05-22 16:15 >> SQL0306：[Success]
2022-05-22 16:15 >> SQL0306：[Success]
2022-05-22 16:15 >> SQL0306：[Success]
2022-05-22 16:15 >> SQL9002：[Success]
2022-05-22 16:15 >> SQL0306：[Success]
2022-05-22 16:15 >> SQL0401：[Success]
2022-05-22 16:15 >> SQL0401：[Success]
2022-05-22 16:15 >> SQL0106：[Success]
2022-05-22 16:15 >> SQL0306：[Success]
2022-05-22 16:15 >> SQL9002：[Success]
2022-05-22 16:15 >> SQL0306：[Success]
2022-05-22 16:16 >> SQL0001：[Success]
2022-05-22 16:16 >> SQL0001：[Success]
2022-05-22 16:16 >> SQL0001：[Success]
2022-05-22 16:16 >> SQL0001：[Success]
2022-05-22 16:16 >> SQL0002：[Success]
2022-05-22 16:16 >> SQL0001：[Success]
2022-05-22 16:16 >> SQL0101：[Success]
2022-05-22 16:16 >> SQL0006：[Success]
2022-05-22 16:16 >> SQL0001：[Success]
2022-05-22 16:16 >> SQL0005：[Success]
2022-05-22 16:16 >> SQL0003：[Success]
2022-05-22 16:16 >> SQL0001：[Success]
2022-05-22 16:16 >> SQL0101：[Success]
2022-05-22 16:16 >> SQL0006：[Success]
2022-05-22 16:17 >> SQL0102：[Success]
2022-05-22 16:17 >> SQL0101：[Success]
2022-05-22 16:17 >> SQL0006：[Success]
2022-05-22 16:17 >> SQL0201：[Success]
2022-05-22 16:17 >> SQL0106：[Success]
2022-05-22 16:17 >> SQL0202：[Success]
2022-05-22 16:17 >> SQL0201：[Success]
2022-05-22 16:17 >> SQL0106：[Success]
2022-05-22 16:17 >> SQL0301：[Success]
2022-05-22 16:17 >> SQL0106：[Success]
2022-05-22 16:17 >> SQL0206：[Success]
2022-05-22 16:17 >> SQL0206：[Success]
2022-05-22 16:17 >> SQL0206：[Success]
2022-05-22 16:17 >> SQL9001：[Success]
2022-05-22 16:17 >> SQL0206：[Success]
2022-05-22 16:17 >> SQL0302：[Success]
2022-05-22 16:17 >> SQL0301：[Success]
2022-05-22 16:17 >> SQL0106：[Success]
2022-05-22 16:17 >> SQL0206：[Success]
2022-05-22 16:17 >> SQL9001：[Success]
2022-05-22 16:17 >> SQL0206：[Success]
2022-05-22 16:17 >> SQL0305：[Success]
2022-05-22 16:17 >> SQL0206：[Success]
2022-05-22 16:17 >> SQL0303：[Success]
2022-05-22 16:17 >> SQL0301：[Success]
2022-05-22 16:17 >> SQL0106：[Success]
2022-05-22 16:17 >> SQL0206：[Success]
2022-05-22 16:17 >> SQL9001：[Success]
2022-05-22 16:17 >> SQL0206：[Success]
2022-05-22 16:17 >> SQL0201：[Success]
2022-05-22 16:17 >> SQL0106：[Success]
2022-05-22 16:17 >> SQL0205：[Success]
2022-05-22 16:17 >> SQL0203：[Success]
2022-05-22 16:17 >> SQL0201：[Success]
2022-05-22 16:17 >> SQL0106：[Success]
2022-05-22 16:17 >> SQL0101：[Success]
2022-05-22 16:17 >> SQL0006：[Success]
2022-05-22 16:17 >> SQL0105：[Success]
2022-05-22 16:17 >> SQL0103：[Success]
2022-05-22 16:17 >> SQL0101：[Success]
2022-05-22 16:17 >> SQL0006：[Success]
2022-05-22 16:17 >> SQL0001：[Success]
2022-05-22 16:17 >> SQL0005：[Success]
2022-05-22 16:18 >> SQL0003：[Success]
2022-05-22 16:18 >> SQL0001：[Success]
2022-05-22 16:18 >> SQL0301：[Success]
2022-05-22 16:18 >> SQL0106：[Success]
2022-05-22 16:18 >> SQL0206：[Success]
2022-05-22 16:18 >> SQL9001：[Success]
2022-05-22 16:18 >> SQL0206：[Success]
2022-05-22 16:18 >> SQL0201：[Success]
2022-05-22 16:18 >> SQL0106：[Success]
2022-05-22 16:18 >> SQL0101：[Success]
2022-05-22 16:18 >> SQL0006：[Success]
2022-05-22 16:18 >> SQL0001：[Success]
2022-05-22 16:18 >> SQL0401：[Success]
2022-05-22 16:18 >> SQL0401：[Success]
2022-05-22 16:18 >> SQL0106：[Success]
2022-05-22 16:18 >> SQL0306：[Success]
2022-05-22 16:18 >> SQL0306：[Success]
2022-05-22 16:18 >> SQL0306：[Success]
2022-05-22 16:18 >> SQL9002：[Success]
2022-05-22 16:18 >> SQL0306：[Success]
2022-05-22 16:18 >> SQL0402：[Success]
2022-05-22 16:18 >> SQL0401：[Success]
2022-05-22 16:18 >> SQL0401：[Success]
2022-05-22 16:18 >> SQL0106：[Success]
2022-05-22 16:18 >> SQL0306：[Success]
2022-05-22 16:18 >> SQL9002：[Success]
2022-05-22 16:18 >> SQL0306：[Success]
2022-05-22 16:18 >> SQL0106：[Success]
2022-05-22 16:18 >> SQL0306：[Success]
2022-05-22 16:18 >> SQL9002：[Success]
2022-05-22 16:18 >> SQL0306：[Success]
2022-05-22 16:18 >> SQL0405：[Success]
2022-05-22 16:18 >> SQL0403：[Success]
2022-05-22 16:18 >> SQL0401：[Success]
2022-05-22 16:18 >> SQL0401：[Success]
2022-05-22 16:18 >> SQL0106：[Success]
2022-05-22 16:18 >> SQL0306：[Success]
2022-05-22 16:18 >> SQL9002：[Success]
2022-05-22 16:18 >> SQL0306：[Success]
2022-05-22 16:18 >> SQL0106：[Success]
2022-05-22 16:18 >> SQL0306：[Success]
2022-05-22 16:18 >> SQL9002：[Success]
2022-05-22 16:18 >> SQL0306：[Success]
2022-05-22 16:18 >> SQL0405：[Success]
2022-05-22 16:18 >> SQL0403：[Success]
2022-05-22 16:18 >> SQL0401：[Success]
2022-05-22 16:18 >> SQL0401：[Success]
2022-05-22 16:18 >> SQL0106：[Success]
2022-05-22 16:18 >> SQL0306：[Success]
2022-05-22 16:18 >> SQL9002：[Success]
2022-05-22 16:18 >> SQL0306：[Success]
2022-05-22 16:18 >> SQL0106：[Success]
2022-05-22 16:18 >> SQL0306：[Success]
2022-05-22 16:18 >> SQL9002：[Success]
2022-05-22 16:18 >> SQL0306：[Success]
2022-05-22 16:18 >> SQL0401：[Success]
2022-05-22 16:18 >> SQL0401：[Success]
2022-05-22 16:18 >> SQL0106：[Success]
2022-05-22 16:18 >> SQL0306：[Success]
2022-05-22 16:18 >> SQL9002：[Success]
2022-05-22 16:18 >> SQL0306：[Success]
2022-05-22 16:19 >> SQL0404：[Success]
2022-05-22 16:19 >> SQL0401：[Success]
2022-05-22 16:19 >> SQL0401：[Success]
2022-05-22 16:19 >> SQL0001：[Success]
2022-05-22 16:19 >> SQL0301：[Success]
2022-05-22 16:19 >> SQL0106：[Success]
2022-05-22 16:19 >> SQL0206：[Success]
2022-05-22 16:19 >> SQL9001：[Success]
2022-05-22 16:19 >> SQL0206：[Success]
2022-05-22 16:19 >> SQL0304：[Success]
2022-05-22 16:19 >> SQL0301：[Success]
2022-05-22 16:19 >> SQL0106：[Success]
2022-05-22 16:19 >> SQL0206：[Success]
2022-05-22 16:19 >> SQL9001：[Success]
2022-05-22 16:19 >> SQL0206：[Success]
2022-05-22 16:19 >> SQL0201：[Success]
2022-05-22 16:19 >> SQL0106：[Success]
2022-05-22 16:19 >> SQL0204：[Success]
2022-05-22 16:19 >> SQL0201：[Success]
2022-05-22 16:19 >> SQL0106：[Success]
2022-05-22 16:19 >> SQL0101：[Success]
2022-05-22 16:19 >> SQL0006：[Success]
2022-05-22 16:19 >> SQL0104：[Success]
2022-05-22 16:19 >> SQL0101：[Success]
2022-05-22 16:19 >> SQL0006：[Success]
2022-05-22 16:19 >> SQL0001：[Success]
2022-05-22 16:19 >> SQL0004：[Success]
2022-05-22 16:19 >> SQL0001：[Success]
2022-05-22 16:19 >> SQL0101：[Success]
2022-05-22 16:19 >> SQL0006：[Success]
2022-05-22 16:19 >> SQL0201：[Success]
2022-05-22 16:19 >> SQL0106：[Success]
2022-05-22 16:19 >> SQL0301：[Success]
2022-05-22 16:19 >> SQL0106：[Success]
2022-05-22 16:19 >> SQL0206：[Success]
2022-05-22 16:19 >> SQL9001：[Success]
2022-05-22 16:19 >> SQL0206：[Success]
2022-05-22 16:19 >> SQL0201：[Success]
2022-05-22 16:19 >> SQL0106：[Success]
2022-05-22 16:19 >> SQL0101：[Success]
2022-05-22 16:19 >> SQL0006：[Success]
2022-05-22 16:19 >> SQL0001：[Success]
2022-05-22 16:19 >> SQL0401：[Success]
2022-05-22 16:19 >> SQL0401：[Success]
2022-05-22 16:19 >> SQL0001：[Success]
2022-05-22 16:19 >> SQL0401：[Success]
2022-05-22 16:19 >> SQL0401：[Success]
2022-05-22 16:21 >> SQL0001：[Success]
2022-05-22 16:21 >> SQL0401：[Success]
2022-05-22 16:21 >> SQL0401：[Success]
2022-05-22 16:21 >> SQL0401：[Success]
2022-05-22 16:21 >> SQL0401：[Success]
2022-05-22 16:22 >> SQL0001：[Success]
2022-05-22 16:22 >> SQL0401：[Success]
2022-05-22 16:22 >> SQL0401：[Success]
2022-05-22 16:22 >> SQL0001：[Success]
2022-05-22 16:22 >> SQL0001：[Success]
2022-05-22 16:22 >> SQL0401：[Success]
2022-05-22 16:22 >> SQL0401：[Success]
2022-05-22 16:22 >> SQL0401：[Success]
2022-05-22 16:22 >> SQL0401：[Success]
2022-05-22 16:24 >> SQL0001：[Success]
2022-05-22 16:24 >> SQL0401：[Success]
2022-05-22 16:24 >> SQL0401：[Success]
2022-05-22 16:24 >> SQL0401：[Success]
2022-05-22 16:24 >> SQL0401：[Success]
2022-05-22 16:24 >> SQL0001：[Success]
2022-05-22 16:24 >> SQL0401：[Success]
2022-05-22 16:24 >> SQL0401：[Success]
2022-05-22 16:24 >> SQL0401：[Success]
2022-05-22 16:24 >> SQL0401：[Success]
2022-05-22 16:26 >> SQL0001：[Success]
2022-05-22 16:26 >> SQL0401：[Success]
2022-05-22 16:26 >> SQL0401：[Success]
2022-05-22 16:26 >> SQL0401：[Success]
2022-05-22 16:26 >> SQL0401：[Success]
2022-05-22 16:33 >> SQL9003：[Success]
2022-05-22 16:33 >> SQL0001：[Success]
2022-05-22 16:33 >> SQL0401：[Success]
2022-05-22 16:33 >> SQL0401：[Success]
2022-05-22 16:33 >> SQL0401：[Success]
2022-05-22 16:33 >> SQL0401：[Success]
2022-05-22 16:34 >> SQL9003：[Success]
2022-05-22 16:34 >> SQL0001：[Success]
2022-05-22 16:34 >> SQL0401：[Success]
2022-05-22 16:34 >> SQL0401：[Success]
2022-05-22 16:34 >> SQL0401：[Success]
2022-05-22 16:34 >> SQL0401：[Success]
2022-05-22 16:34 >> SQL9003：[Success]
2022-05-22 16:34 >> SQL0001：[Success]
2022-05-22 16:34 >> SQL0401：[Success]
2022-05-22 16:34 >> SQL0401：[Success]
2022-05-22 16:34 >> SQL0401：[Success]
2022-05-22 16:34 >> SQL0401：[Success]
2022-05-22 16:34 >> SQL9003：[Success]
2022-05-22 16:34 >> SQL0001：[Success]
2022-05-22 16:34 >> SQL0401：[Success]
2022-05-22 16:34 >> SQL0401：[Success]
2022-05-22 16:34 >> SQL0401：[Success]
2022-05-22 16:34 >> SQL0401：[Success]
2022-05-22 16:35 >> SQL9003：[Success]
2022-05-22 16:35 >> SQL0001：[Success]
2022-05-22 16:35 >> SQL0401：[Success]
2022-05-22 16:35 >> SQL0401：[Success]
2022-05-22 16:35 >> SQL0401：[Success]
2022-05-22 16:35 >> SQL0401：[Success]
2022-05-22 16:35 >> SQL9003：[Success]
2022-05-22 16:35 >> SQL0001：[Success]
2022-05-22 16:35 >> SQL0401：[Success]
2022-05-22 16:35 >> SQL0401：[Success]
2022-05-22 16:35 >> SQL0401：[Success]
2022-05-22 16:35 >> SQL0401：[Success]
2022-05-22 16:35 >> SQL9003：[Success]
2022-05-22 16:35 >> SQL0001：[Success]
2022-05-22 16:35 >> SQL0401：[Success]
2022-05-22 16:35 >> SQL0401：[Success]
2022-05-22 16:35 >> SQL0401：[Success]
2022-05-22 16:35 >> SQL0401：[Success]
2022-05-22 16:35 >> SQL9003：[Success]
2022-05-22 16:35 >> SQL0001：[Success]
2022-05-22 16:35 >> SQL0401：[Success]
2022-05-22 16:35 >> SQL0401：[Success]
2022-05-22 16:35 >> SQL0401：[Success]
2022-05-22 16:35 >> SQL0401：[Success]
2022-05-22 16:36 >> SQL9003：[Success]
2022-05-22 16:36 >> SQL0001：[Success]
2022-05-22 16:36 >> SQL0401：[Success]
2022-05-22 16:36 >> SQL0401：[Success]
2022-05-22 16:36 >> SQL0401：[Success]
2022-05-22 16:36 >> SQL0401：[Success]
2022-05-22 16:36 >> SQL9003：[Success]
2022-05-22 16:36 >> SQL0001：[Success]
2022-05-22 16:36 >> SQL0401：[Success]
2022-05-22 16:36 >> SQL0401：[Success]
2022-05-22 16:36 >> SQL0401：[Success]
2022-05-22 16:36 >> SQL0401：[Success]
2022-05-22 20:29 >> SQL0001：[Success]
2022-05-22 20:29 >> SQL0401：[Success]
2022-05-22 20:29 >> SQL0401：[Success]
2022-05-22 20:29 >> SQL0106：[Success]
2022-05-22 20:29 >> SQL0306：[Success]
2022-05-22 20:29 >> SQL0306：[Success]
2022-05-22 20:29 >> SQL0306：[Success]
2022-05-22 20:29 >> SQL9002：[Success]
2022-05-22 20:29 >> SQL0306：[Success]
2022-05-22 20:29 >> SQL0405：[Success]
2022-05-22 20:29 >> SQL0306：[Success]
2022-05-22 20:31 >> SQL0001：[Success]
2022-05-22 20:31 >> SQL0401：[Success]
2022-05-22 20:31 >> SQL0401：[Success]
2022-05-22 20:31 >> SQL0401：[Success]
2022-05-22 20:31 >> SQL0401：[Success]
2022-05-22 20:31 >> SQL0401：[Success]
2022-05-22 20:31 >> SQL0401：[Success]
2022-05-22 20:31 >> SQL0106：[Success]
2022-05-22 20:31 >> SQL0306：[Success]
2022-05-22 20:31 >> SQL0306：[Success]
2022-05-22 20:31 >> SQL0306：[Success]
2022-05-22 20:31 >> SQL9002：[Success]
2022-05-22 20:31 >> SQL0306：[Success]
2022-05-22 20:31 >> SQL0405：[Success]
2022-05-22 20:31 >> SQL0306：[Success]
2022-05-22 20:31 >> SQL0403：[Success]
2022-05-22 20:31 >> SQL0401：[Success]
2022-05-22 20:31 >> SQL0401：[Success]
2022-05-22 20:31 >> SQL0106：[Success]
2022-05-22 20:31 >> SQL0306：[Success]
2022-05-22 20:31 >> SQL9002：[Success]
2022-05-22 20:31 >> SQL0306：[Success]
2022-05-22 20:31 >> SQL0106：[Success]
2022-05-22 20:31 >> SQL0306：[Success]
2022-05-22 20:31 >> SQL9002：[Success]
2022-05-22 20:31 >> SQL0306：[Success]
2022-05-22 20:31 >> SQL0405：[Success]
2022-05-22 20:31 >> SQL0306：[Success]
2022-05-22 20:31 >> SQL0401：[Success]
2022-05-22 20:31 >> SQL0401：[Success]
2022-05-22 20:31 >> SQL0106：[Success]
2022-05-22 20:31 >> SQL0306：[Success]
2022-05-22 20:31 >> SQL9002：[Success]
2022-05-22 20:31 >> SQL0306：[Success]
2022-05-22 20:31 >> SQL0405：[Success]
2022-05-22 20:31 >> SQL0306：[Success]
2022-05-22 20:47 >> SQL0001：[Success]
2022-05-22 20:47 >> SQL0401：[Success]
2022-05-22 20:47 >> SQL0401：[Success]
2022-05-22 20:47 >> SQL0401：[Success]
2022-05-22 20:47 >> SQL0401：[Success]
2022-05-22 21:39 >> SQL0001：[Success]
2022-05-22 21:39 >> SQL0401：[Success]
2022-05-22 21:39 >> SQL0401：[Success]
2022-05-22 21:39 >> SQL0401：[Success]
2022-05-22 21:39 >> SQL0401：[Success]
2022-05-22 21:42 >> SQL0001：[Success]
2022-05-22 21:42 >> SQL0401：[Success]
2022-05-22 21:42 >> SQL0401：[Success]
2022-05-22 21:42 >> SQL0401：[Success]
2022-05-22 21:42 >> SQL0401：[Success]
2022-05-22 21:47 >> SQL0001：[Success]
2022-05-22 21:47 >> SQL0401：[Success]
2022-05-22 21:47 >> SQL0401：[Success]
2022-05-22 21:47 >> SQL0401：[Success]
2022-05-22 21:47 >> SQL0401：[Success]
2022-05-22 21:47 >> SQL0001：[Success]
2022-05-22 21:47 >> SQL0401：[Success]
2022-05-22 21:47 >> SQL0401：[Success]
2022-05-22 21:47 >> SQL0401：[Success]
2022-05-22 21:47 >> SQL0401：[Success]
2022-05-22 21:47 >> SQL0001：[Success]
2022-05-22 21:47 >> SQL0401：[Success]
2022-05-22 21:47 >> SQL0401：[Success]
2022-05-22 21:47 >> SQL0401：[Success]
2022-05-22 21:47 >> SQL0401：[Success]
2022-05-22 21:48 >> SQL0401：[Success]
2022-05-22 21:48 >> SQL0401：[Success]
2022-05-22 21:48 >> SQL0106：[Success]
2022-05-22 21:48 >> SQL0306：[Success]
2022-05-22 21:48 >> SQL0306：[Success]
2022-05-22 21:48 >> SQL0306：[Success]
2022-05-22 21:48 >> SQL9002：[Success]
2022-05-22 21:48 >> SQL0306：[Success]
2022-05-22 21:48 >> SQL0405：[Success]
2022-05-22 21:48 >> SQL0306：[Success]
2022-05-22 21:48 >> SQL0403：[Success]
2022-05-22 21:48 >> SQL0401：[Success]
2022-05-22 21:48 >> SQL0401：[Success]
2022-05-22 21:48 >> SQL0106：[Success]
2022-05-22 21:48 >> SQL0306：[Success]
2022-05-22 21:48 >> SQL9002：[Success]
2022-05-22 21:48 >> SQL0306：[Success]
2022-05-22 21:48 >> SQL0001：[Success]
2022-05-22 21:48 >> SQL0401：[Success]
2022-05-22 21:48 >> SQL0401：[Success]
2022-05-22 21:48 >> SQL0401：[Success]
2022-05-22 21:48 >> SQL0401：[Success]
2022-05-22 21:50 >> SQL0001：[Success]
2022-05-22 21:50 >> SQL0401：[Success]
2022-05-22 21:50 >> SQL0401：[Success]
2022-05-22 21:50 >> SQL0401：[Success]
2022-05-22 21:50 >> SQL0401：[Success]
2022-05-22 21:52 >> SQL0001：[Success]
2022-05-22 21:52 >> SQL0401：[Success]
2022-05-22 21:52 >> SQL0401：[Success]
2022-05-22 21:52 >> SQL0401：[Success]
2022-05-22 21:52 >> SQL0401：[Success]
2022-05-22 21:52 >> SQL0001：[Success]
2022-05-22 21:52 >> SQL0401：[Success]
2022-05-22 21:52 >> SQL0401：[Success]
2022-05-22 21:52 >> SQL0401：[Success]
2022-05-22 21:52 >> SQL0401：[Success]
2022-05-22 21:52 >> SQL0106：[Success]
2022-05-22 21:52 >> SQL0306：[Success]
2022-05-22 21:52 >> SQL0306：[Success]
2022-05-22 21:52 >> SQL0306：[Success]
2022-05-22 21:52 >> SQL9002：[Success]
2022-05-22 21:52 >> SQL0306：[Success]
2022-05-22 21:52 >> SQL0405：[Success]
2022-05-22 21:52 >> SQL0306：[Success]
2022-05-22 21:52 >> SQL0403：[Success]
2022-05-22 21:52 >> SQL0401：[Success]
2022-05-22 21:52 >> SQL0401：[Success]
2022-05-22 21:52 >> SQL0106：[Success]
2022-05-22 21:52 >> SQL0306：[Success]
2022-05-22 21:52 >> SQL9002：[Success]
2022-05-22 21:52 >> SQL0306：[Success]
2022-05-22 21:52 >> SQL0001：[Success]
2022-05-22 21:52 >> SQL0401：[Success]
2022-05-22 21:52 >> SQL0401：[Success]
2022-05-22 21:52 >> SQL0401：[Success]
2022-05-22 21:52 >> SQL0401：[Success]
2022-05-22 21:52 >> SQL0001：[Success]
2022-05-22 21:52 >> SQL0401：[Success]
2022-05-22 21:52 >> SQL0401：[Success]
2022-05-22 21:52 >> SQL0401：[Success]
2022-05-22 21:52 >> SQL0401：[Success]
2022-05-22 21:58 >> SQL0001：[Success]
2022-05-22 21:58 >> SQL0401：[Success]
2022-05-22 21:58 >> SQL0401：[Success]
2022-05-22 21:58 >> SQL0401：[Success]
2022-05-22 21:58 >> SQL0401：[Success]
2022-05-22 21:59 >> SQL0001：[Success]
2022-05-22 21:59 >> SQL0401：[Success]
2022-05-22 21:59 >> SQL0401：[Success]
2022-05-22 21:59 >> SQL0001：[Success]
2022-05-22 21:59 >> SQL0401：[Success]
2022-05-22 21:59 >> SQL0401：[Success]
2022-05-22 21:59 >> SQL0001：[Success]
2022-05-22 21:59 >> SQL0401：[Success]
2022-05-22 21:59 >> SQL0401：[Success]
2022-05-22 22:08 >> SQL0001：[Success]
2022-05-22 22:08 >> SQL0401：[Success]
2022-05-22 22:09 >> SQL0001：[Success]
2022-05-22 22:09 >> SQL0401：[Success]
2022-05-22 22:09 >> SQL0401：[Success]
2022-05-22 22:09 >> SQL0401：[Success]
2022-05-22 22:09 >> SQL0401：[Success]
2022-05-22 22:09 >> SQL0001：[Success]
2022-05-22 22:09 >> SQL0401：[Success]
2022-05-22 22:09 >> SQL0401：[Success]
2022-05-22 22:09 >> SQL0001：[Success]
2022-05-22 22:09 >> SQL0001：[Success]
2022-05-22 22:09 >> SQL0401：[Success]
2022-05-22 22:09 >> SQL0401：[Success]
2022-05-22 22:09 >> SQL0401：[Success]
2022-05-22 22:09 >> SQL0401：[Success]
2022-05-22 22:09 >> SQL0401：[Success]
2022-05-22 22:09 >> SQL0401：[Success]
2022-05-22 22:09 >> SQL0401：[Success]
2022-05-22 22:09 >> SQL0401：[Success]
2022-05-22 22:09 >> SQL0401：[Success]
2022-05-22 22:09 >> SQL0401：[Success]
2022-05-22 22:09 >> SQL0401：[Success]
2022-05-22 22:09 >> SQL0401：[Success]
2022-05-22 22:09 >> SQL0401：[Success]
2022-05-22 22:09 >> SQL0401：[Success]
2022-05-22 22:09 >> SQL0401：[Success]
2022-05-22 22:09 >> SQL0401：[Success]
2022-05-22 22:09 >> SQL0401：[Success]
2022-05-22 22:09 >> SQL0401：[Success]
2022-05-22 22:09 >> SQL0401：[Success]
2022-05-22 22:09 >> SQL0401：[Success]
2022-05-22 22:09 >> SQL0401：[Success]
2022-05-22 22:09 >> SQL0401：[Success]
2022-05-22 22:09 >> SQL0106：[Success]
2022-05-22 22:09 >> SQL0306：[Success]
2022-05-22 22:09 >> SQL0306：[Success]
2022-05-22 22:09 >> SQL0306：[Success]
2022-05-22 22:09 >> SQL9002：[Success]
2022-05-22 22:09 >> SQL0306：[Success]
2022-05-22 22:09 >> SQL0405：[Success]
2022-05-22 22:09 >> SQL0403：[Success]
2022-05-22 22:09 >> SQL0401：[Success]
2022-05-22 22:09 >> SQL0401：[Success]
2022-05-22 22:10 >> SQL0106：[Success]
2022-05-22 22:10 >> SQL0306：[Success]
2022-05-22 22:10 >> SQL9002：[Success]
2022-05-22 22:10 >> SQL0306：[Success]
2022-05-22 22:10 >> SQL0001：[Success]
2022-05-22 22:10 >> SQL0401：[Success]
2022-05-22 22:10 >> SQL0401：[Success]
2022-05-22 22:10 >> SQL0401：[Success]
2022-05-22 22:10 >> SQL0401：[Success]
2022-05-22 22:10 >> SQL0106：[Success]
2022-05-22 22:10 >> SQL0306：[Success]
2022-05-22 22:10 >> SQL0306：[Success]
2022-05-22 22:10 >> SQL0306：[Success]
2022-05-22 22:10 >> SQL9002：[Success]
2022-05-22 22:10 >> SQL0306：[Success]
2022-05-22 22:10 >> SQL0405：[Success]
2022-05-22 22:10 >> SQL0306：[Success]
2022-05-22 22:10 >> SQL0403：[Success]
2022-05-22 22:10 >> SQL0401：[Success]
2022-05-22 22:10 >> SQL0401：[Success]
2022-05-22 22:10 >> SQL0106：[Success]
2022-05-22 22:10 >> SQL0306：[Success]
2022-05-22 22:10 >> SQL9002：[Success]
2022-05-22 22:10 >> SQL0306：[Success]
2022-05-22 22:11 >> SQL0001：[Success]
2022-05-22 22:11 >> SQL0401：[Success]
2022-05-22 22:11 >> SQL0401：[Success]
2022-05-22 22:11 >> SQL0401：[Success]
2022-05-22 22:11 >> SQL0401：[Success]
2022-05-22 22:12 >> SQL0001：[Success]
2022-05-22 22:12 >> SQL0401：[Success]
2022-05-22 22:12 >> SQL0401：[Success]
2022-05-22 22:12 >> SQL0401：[Success]
2022-05-22 22:12 >> SQL0401：[Success]
2022-05-22 22:12 >> SQL0001：[Success]
2022-05-22 22:12 >> SQL0401：[Success]
2022-05-22 22:12 >> SQL0401：[Success]
2022-05-22 22:12 >> SQL0401：[Success]
2022-05-22 22:12 >> SQL0401：[Success]
2022-05-22 22:12 >> SQL0106：[Success]
2022-05-22 22:12 >> SQL0306：[Success]
2022-05-22 22:12 >> SQL0306：[Success]
2022-05-22 22:12 >> SQL0306：[Success]
2022-05-22 22:12 >> SQL9002：[Success]
2022-05-22 22:12 >> SQL0306：[Success]
2022-05-22 22:12 >> SQL0401：[Success]
2022-05-22 22:12 >> SQL0401：[Success]
2022-05-22 22:12 >> SQL0106：[Success]
2022-05-22 22:12 >> SQL0306：[Success]
2022-05-22 22:12 >> SQL9002：[Success]
2022-05-22 22:12 >> SQL0306：[Success]
2022-05-22 22:12 >> SQL0106：[Success]
2022-05-22 22:12 >> SQL0306：[Success]
2022-05-22 22:12 >> SQL9002：[Success]
2022-05-22 22:12 >> SQL0306：[Success]
2022-05-22 22:12 >> SQL0405：[Success]
2022-05-22 22:12 >> SQL0306：[Success]
2022-05-22 22:13 >> SQL0403：[Success]
2022-05-22 22:13 >> SQL0401：[Success]
2022-05-22 22:13 >> SQL0401：[Success]
2022-05-22 22:13 >> SQL0106：[Success]
2022-05-22 22:13 >> SQL0306：[Success]
2022-05-22 22:13 >> SQL9002：[Success]
2022-05-22 22:13 >> SQL0306：[Success]
2022-05-22 22:13 >> SQL0001：[Success]
2022-05-22 22:13 >> SQL0401：[Success]
2022-05-22 22:13 >> SQL0401：[Success]
2022-05-22 22:13 >> SQL0401：[Success]
2022-05-22 22:13 >> SQL0401：[Success]
2022-05-22 22:13 >> SQL0106：[Success]
2022-05-22 22:13 >> SQL0306：[Success]
2022-05-22 22:13 >> SQL0306：[Success]
2022-05-22 22:13 >> SQL0306：[Success]
2022-05-22 22:13 >> SQL9002：[Success]
2022-05-22 22:13 >> SQL0306：[Success]
2022-05-22 22:13 >> SQL0405：[Success]
2022-05-22 22:13 >> SQL0306：[Success]
2022-05-22 22:13 >> SQL0401：[Success]
2022-05-22 22:13 >> SQL0401：[Success]
2022-05-22 22:13 >> SQL0106：[Success]
2022-05-22 22:13 >> SQL0306：[Success]
2022-05-22 22:13 >> SQL9002：[Success]
2022-05-22 22:13 >> SQL0306：[Success]
2022-05-22 22:13 >> SQL0405：[Success]
2022-05-22 22:13 >> SQL0306：[Success]
2022-05-22 22:14 >> SQL0001：[Success]
2022-05-22 22:14 >> SQL0401：[Success]
2022-05-22 22:14 >> SQL0401：[Success]
2022-05-22 22:14 >> SQL0401：[Success]
2022-05-22 22:14 >> SQL0401：[Success]
2022-05-22 22:14 >> SQL0106：[Success]
2022-05-22 22:14 >> SQL0306：[Success]
2022-05-22 22:14 >> SQL0306：[Success]
2022-05-22 22:14 >> SQL0306：[Success]
2022-05-22 22:14 >> SQL9002：[Success]
2022-05-22 22:14 >> SQL0306：[Success]
2022-05-22 22:14 >> SQL0405：[Success]
2022-05-22 22:14 >> SQL0306：[Success]
2022-05-22 22:14 >> SQL0401：[Success]
2022-05-22 22:14 >> SQL0401：[Success]
2022-05-22 22:14 >> SQL0106：[Success]
2022-05-22 22:14 >> SQL0306：[Success]
2022-05-22 22:14 >> SQL9002：[Success]
2022-05-22 22:14 >> SQL0306：[Success]
2022-05-22 22:14 >> SQL0405：[Success]
2022-05-22 22:14 >> SQL0306：[Success]
2022-05-22 22:15 >> SQL0001：[Success]
2022-05-22 22:15 >> SQL0401：[Success]
2022-05-22 22:15 >> SQL0401：[Success]
2022-05-22 22:15 >> SQL0401：[Success]
2022-05-22 22:15 >> SQL0401：[Success]
2022-05-22 22:15 >> SQL0106：[Success]
2022-05-22 22:15 >> SQL0306：[Success]
2022-05-22 22:15 >> SQL0306：[Success]
2022-05-22 22:15 >> SQL0306：[Success]
2022-05-22 22:15 >> SQL9002：[Success]
2022-05-22 22:15 >> SQL0306：[Success]
2022-05-22 22:15 >> SQL0405：[Success]
2022-05-22 22:15 >> SQL0306：[Success]
2022-05-22 22:15 >> SQL0401：[Success]
2022-05-22 22:15 >> SQL0401：[Success]
2022-05-22 22:15 >> SQL0106：[Success]
2022-05-22 22:15 >> SQL0306：[Success]
2022-05-22 22:15 >> SQL9002：[Success]
2022-05-22 22:15 >> SQL0306：[Success]
2022-05-22 22:15 >> SQL0405：[Success]
2022-05-22 22:15 >> SQL0306：[Success]
2022-05-22 22:15 >> SQL0106：[Success]
2022-05-22 22:15 >> SQL0306：[Success]
2022-05-22 22:15 >> SQL9002：[Success]
2022-05-22 22:15 >> SQL0306：[Success]
2022-05-22 22:15 >> SQL0405：[Success]
2022-05-22 22:15 >> SQL0306：[Success]
2022-05-22 22:15 >> SQL0401：[Success]
2022-05-22 22:15 >> SQL0401：[Success]
2022-05-22 22:15 >> SQL0106：[Success]
2022-05-22 22:15 >> SQL0306：[Success]
2022-05-22 22:15 >> SQL9002：[Success]
2022-05-22 22:15 >> SQL0306：[Success]
2022-05-22 22:15 >> SQL0405：[Success]
2022-05-22 22:15 >> SQL0306：[Success]
2022-05-22 22:15 >> SQL0001：[Success]
2022-05-22 22:15 >> SQL0401：[Success]
2022-05-22 22:15 >> SQL0401：[Success]
2022-05-22 22:15 >> SQL0401：[Success]
2022-05-22 22:15 >> SQL0401：[Success]
2022-05-22 22:15 >> SQL0401：[Success]
2022-05-22 22:15 >> SQL0401：[Success]
2022-05-22 22:15 >> SQL0106：[Success]
2022-05-22 22:15 >> SQL0306：[Success]
2022-05-22 22:15 >> SQL9002：[Success]
2022-05-22 22:15 >> SQL0306：[Success]
2022-05-22 22:15 >> SQL0405：[Success]
2022-05-22 22:15 >> SQL0306：[Success]
2022-05-22 22:15 >> SQL0403：[Success]
2022-05-22 22:15 >> SQL0401：[Success]
2022-05-22 22:15 >> SQL0401：[Success]
2022-05-22 22:15 >> SQL0106：[Success]
2022-05-22 22:15 >> SQL0306：[Success]
2022-05-22 22:15 >> SQL9002：[Success]
2022-05-22 22:15 >> SQL0306：[Success]
2022-05-22 22:17 >> SQL0001：[Success]
2022-05-22 22:17 >> SQL0401：[Success]
2022-05-22 22:17 >> SQL0401：[Success]
2022-05-22 22:17 >> SQL0401：[Success]
2022-05-22 22:17 >> SQL0401：[Success]
2022-05-22 22:17 >> SQL0401：[Success]
2022-05-22 22:17 >> SQL0401：[Success]
2022-05-22 22:17 >> SQL0001：[Success]
2022-05-22 22:17 >> SQL0401：[Success]
2022-05-22 22:17 >> SQL0401：[Success]
2022-05-22 22:17 >> SQL0001：[Success]
2022-05-22 22:17 >> SQL0401：[Success]
2022-05-22 22:18 >> SQL0401：[Success]
2022-05-22 22:18 >> SQL0001：[Success]
2022-05-22 22:18 >> SQL0401：[Success]
2022-05-22 22:18 >> SQL0401：[Success]
2022-05-22 22:18 >> SQL0001：[Success]
2022-05-22 22:18 >> SQL0401：[Success]
2022-05-22 22:18 >> SQL0401：[Success]
2022-05-22 22:18 >> SQL0001：[Success]
2022-05-22 22:18 >> SQL0401：[Success]
2022-05-22 22:18 >> SQL0401：[Success]
2022-05-22 22:18 >> SQL0401：[Success]
2022-05-22 22:18 >> SQL0401：[Success]
2022-05-22 22:18 >> SQL0401：[Success]
2022-05-22 22:18 >> SQL0401：[Success]
2022-05-22 22:18 >> SQL0001：[Success]
2022-05-22 22:18 >> SQL0401：[Success]
2022-05-22 22:18 >> SQL0401：[Success]
2022-05-22 22:18 >> SQL0001：[Success]
2022-05-22 22:18 >> SQL0401：[Success]
2022-05-22 22:18 >> SQL0401：[Success]
2022-05-22 22:19 >> SQL0001：[Success]
2022-05-22 22:19 >> SQL0401：[Success]
2022-05-22 22:20 >> SQL0001：[Success]
2022-05-22 22:20 >> SQL0401：[Success]
2022-05-22 22:21 >> SQL0001：[Success]
2022-05-22 22:21 >> SQL0401：[Success]
2022-05-22 22:22 >> SQL0001：[Success]
2022-05-22 22:22 >> SQL0401：[Success]
2022-05-22 22:23 >> SQL0401：[Success]
2022-05-22 22:23 >> SQL0401：[Success]
2022-05-22 22:23 >> SQL0401：[Success]
2022-05-22 22:23 >> SQL0401：[Success]
2022-05-22 22:23 >> SQL0401：[Success]
2022-05-22 22:23 >> SQL0401：[Success]
2022-05-22 22:23 >> SQL0401：[Success]
2022-05-22 22:23 >> SQL0401：[Success]
2022-05-22 22:23 >> SQL0401：[Success]
2022-05-22 22:23 >> SQL0401：[Success]
2022-05-22 22:23 >> SQL0401：[Success]
2022-05-22 22:23 >> SQL0401：[Success]
2022-05-22 22:23 >> SQL0401：[Success]
2022-05-22 22:23 >> SQL0401：[Success]
2022-05-22 22:23 >> SQL0401：[Success]
2022-05-22 22:23 >> SQL0401：[Success]
2022-05-22 22:23 >> SQL0401：[Success]
2022-05-22 22:23 >> SQL0401：[Success]
2022-05-22 22:23 >> SQL0401：[Success]
2022-05-22 22:23 >> SQL0401：[Success]
2022-05-22 22:23 >> SQL0401：[Success]
2022-05-22 22:23 >> SQL0401：[Success]
2022-05-22 22:23 >> SQL0401：[Success]
2022-05-22 22:23 >> SQL0001：[Success]
2022-05-22 22:23 >> SQL0401：[Success]
2022-05-22 22:23 >> SQL0401：[Success]
2022-05-22 22:23 >> SQL0401：[Success]
2022-05-22 22:23 >> SQL0401：[Success]
2022-05-22 22:23 >> SQL0401：[Success]
2022-05-22 22:23 >> SQL0401：[Success]
2022-05-22 22:24 >> SQL0001：[Success]
2022-05-22 22:24 >> SQL0001：[Success]
2022-05-22 22:24 >> SQL0101：[Success]
2022-05-22 22:24 >> SQL0006：[Success]
2022-05-22 22:24 >> SQL0201：[Success]
2022-05-22 22:24 >> SQL0106：[Success]
2022-05-22 22:24 >> SQL0301：[Success]
2022-05-22 22:24 >> SQL0106：[Success]
2022-05-22 22:24 >> SQL0206：[Success]
2022-05-22 22:24 >> SQL0206：[Success]
2022-05-22 22:24 >> SQL0206：[Success]
2022-05-22 22:24 >> SQL9001：[Success]
2022-05-22 22:24 >> SQL0206：[Success]
2022-05-22 22:24 >> SQL0201：[Success]
2022-05-22 22:24 >> SQL0106：[Success]
2022-05-22 22:24 >> SQL0101：[Success]
2022-05-22 22:24 >> SQL0006：[Success]
2022-05-22 22:24 >> SQL0001：[Success]
2022-05-22 22:24 >> SQL0101：[Success]
2022-05-22 22:24 >> SQL0006：[Success]
2022-05-22 22:24 >> SQL0201：[Success]
2022-05-22 22:24 >> SQL0106：[Success]
2022-05-22 22:24 >> SQL0301：[Success]
2022-05-22 22:24 >> SQL0106：[Success]
2022-05-22 22:24 >> SQL0206：[Success]
2022-05-22 22:24 >> SQL9001：[Success]
2022-05-22 22:24 >> SQL0206：[Success]
2022-05-22 22:24 >> SQL0201：[Success]
2022-05-22 22:24 >> SQL0106：[Success]
2022-05-22 22:24 >> SQL0101：[Success]
2022-05-22 22:24 >> SQL0006：[Success]
2022-05-22 22:24 >> SQL0001：[Success]
2022-05-22 22:24 >> SQL0101：[Success]
2022-05-22 22:24 >> SQL0006：[Success]
2022-05-22 22:24 >> SQL0301：[Success]
2022-05-22 22:24 >> SQL0106：[Success]
2022-05-22 22:24 >> SQL0206：[Success]
2022-05-22 22:24 >> SQL9001：[Success]
2022-05-22 22:24 >> SQL0206：[Success]
2022-05-22 22:24 >> SQL0301：[Success]
2022-05-22 22:24 >> SQL0106：[Success]
2022-05-22 22:24 >> SQL0206：[Success]
2022-05-22 22:24 >> SQL9001：[Success]
2022-05-22 22:24 >> SQL0206：[Success]
2022-05-22 22:24 >> SQL0401：[Success]
2022-05-22 22:24 >> SQL0401：[Success]
2022-05-22 22:24 >> SQL0106：[Success]
2022-05-22 22:24 >> SQL0306：[Success]
2022-05-22 22:24 >> SQL0306：[Success]
2022-05-22 22:24 >> SQL0306：[Success]
2022-05-22 22:24 >> SQL9002：[Success]
2022-05-22 22:24 >> SQL0306：[Success]
2022-05-22 22:24 >> SQL0401：[Success]
2022-05-22 22:24 >> SQL0401：[Success]
2022-05-22 22:24 >> SQL0106：[Success]
2022-05-22 22:24 >> SQL0306：[Success]
2022-05-22 22:24 >> SQL9002：[Success]
2022-05-22 22:24 >> SQL0306：[Success]
