2022-05-18 01-11 >> ‹ó‚â
2022-05-18 01-13 >> sql0301FSQL logic error
cannot join using column GOALID - column not present in both tables
2022-05-18 01-25 >> @GENRENAME
2022-05-18 01-25 >> %%
2022-05-18 01-25 >> @GOALNAME
2022-05-18 01-25 >> %%
2022-05-18 01-25 >> @PLANNAME
2022-05-18 01-25 >> %%
2022-05-18 01-25 >> @WORKNAME
2022-05-18 01-25 >> %%
2022-05-18 01-25 >> @GOALID
2022-05-18 01-25 >> @GENRENAME
2022-05-18 01-25 >> %%
2022-05-18 01-25 >> @GOALNAME
2022-05-18 01-25 >> %%
2022-05-18 01-25 >> @PLANNAME
2022-05-18 01-25 >> %%
2022-05-18 01-25 >> @WORKNAME
2022-05-18 01-25 >> %%
2022-05-18 01-25 >> @GOALID
2022-05-18 01-27 >> @GENRENAME
2022-05-18 01-27 >> %%
2022-05-18 01-27 >> @GOALNAME
2022-05-18 01-27 >> %%
2022-05-18 01-27 >> @PLANNAME
2022-05-18 01-27 >> %%
2022-05-18 01-27 >> @WORKNAME
2022-05-18 01-28 >> %%
2022-05-18 01-28 >> @GOALID
2022-05-18 01-28 >> sql0001@GENRENAME
2022-05-18 01-28 >> sql0001%%
2022-05-18 01-28 >> sql0101@GOALNAME
2022-05-18 01-28 >> sql0101%%
2022-05-18 01-28 >> sql0201@PLANNAME
2022-05-18 01-28 >> sql0201%%
2022-05-18 01-28 >> sql0301@WORKNAME
2022-05-18 01-28 >> sql0301%%
2022-05-18 01-28 >> sql0206@GOALID
2022-05-18 01-29 >> sql0001@GENRENAME
2022-05-18 01-29 >> sql0001%%
2022-05-18 01-29 >> sql0101@GOALNAME
2022-05-18 01-29 >> sql0101%%
2022-05-18 01-29 >> sql0201@PLANNAME
2022-05-18 01-29 >> sql0201%%
2022-05-18 01-29 >> sql0301@WORKNAME
2022-05-18 01-29 >> sql0301%%
2022-05-18 01-30 >> sql0001@GENRENAME
2022-05-18 01-30 >> sql0001%%
2022-05-18 01-30 >> sql0101@GOALNAME
2022-05-18 01-30 >> sql0101%%
2022-05-18 01-30 >> sql0201@PLANNAME
2022-05-18 01-30 >> sql0201%%
2022-05-18 01-30 >> sql0301@WORKNAME
2022-05-18 01-30 >> sql0301%%
2022-05-18 01-30 >> sql0206@GOALID
2022-05-18 01-30 >> sql0206System.Data.DataRowView
2022-05-18 01-30 >> sql0206@GOALID
2022-05-18 01-30 >> sql0206System.Data.DataRowView
2022-05-18 01-30 >> sql0206@GOALID
2022-05-18 01-30 >> sql02061
2022-05-18 01-45 >> ‹ó‚â
2022-05-18 03-14 >> ‹ó‚â
2022-05-18 03-14 >> ‹ó‚â
2022-05-18 03-15 >> ‹ó‚â
2022-05-18 03-15 >> ‹ó‚â
2022-05-18 03-15 >> ‹ó‚â
2022-05-18 03-15 >> ‹ó‚â
2022-05-18 03-15 >> ‹ó‚â
2022-05-18 03-15 >> ‹ó‚â
2022-05-18 03-15 >> ‹ó‚â
2022-05-18 03-15 >> ‹ó‚â
2022-05-18 03-15 >> ‹ó‚â
2022-05-18 03-15 >> ‹ó‚â
2022-05-18 03-15 >> ‹ó‚â
2022-05-18 03-15 >> ‹ó‚â
2022-05-18 03-15 >> ‹ó‚â
2022-05-18 03-15 >> ‹ó‚â
