2022-05-19 00:01 >> 空や
2022-05-19 00:02 >> フォームの記載を確認してください。
日付はyyyy-MM-dd、時間はHH:mmで記載してください。
2022-05-19 00:04 >> フォームの記載を確認してください。
日付はyyyy-MM-dd、時間はHH:mmで記載してください。
2022-05-19 00:08 >> 空や
2022-05-19 00:08 >> フォームの記載を確認してください。
日付はyyyy-MM-dd、時間はHH:mmで記載してください。
2022-05-19 00:09 >> sql0302：constraint failed
UNIQUE constraint failed: T_WORK.PLANID, T_WORK.WORKNAME
2022-05-19 00:15 >> フォームの記載を確認してください。
日付はyyyy-MM-dd、時間はHH:mmで記載してください。
2022-05-19 00:15 >> フォームの記載を確認してください。
日付はyyyy-MM-dd、時間はHH:mmで記載してください。
2022-05-19 00:16 >> フォームの記載を確認してください。
日付はyyyy-MM-dd、時間はHH:mmで記載してください。
2022-05-19 00:16 >> フォームの記載を確認してください。
日付はyyyy-MM-dd、時間はHH:mmで記載してください。
2022-05-19 00:16 >> フォームの記載を確認してください。
日付はyyyy-MM-dd、時間はHH:mmで記載してください。
2022-05-19 00:18 >> フォームの記載を確認してください。
日付はyyyy-MM-dd、時間はHH:mmで記載してください。
2022-05-19 00:20 >> フォームの記載を確認してください。
日付はyyyy-MM-dd、時間はHH:mmで記載してください。
2022-05-19 00:20 >> フォームの記載を確認してください。
日付はyyyy-MM-dd、時間はHH:mmで記載してください。
